============================= test session starts ==============================
platform linux -- Python 3.7.4, pytest-5.4.1, py-1.8.1, pluggy-0.13.1
rootdir: /home/andrewburbanks/Documents/Working/Research/renormalisation/rigorous-py/___github___/rigorous
plugins: remotedata-0.3.2, doctestplus-0.5.0, html-1.20.0, arraydiff-0.3, metadata-1.8.0, openfiles-0.4.0, hypothesis-5.5.4, parallel-0.0.9, astropy-header-0.1.2
collected 1188 items
pytest-parallel: 7 workers (processes), 1 test per worker (thread)
...................................................................................................................................................................................................................................................................................................................................................................................... [  6%]
..................... [  6%]
...................................................................... [  6%]
..................................................... [  6%]
............................ [  6%]
........................................ [  6%]
 [  6%]
........................................................................................ [ 12%]
.......................................................................................................................................................................................................... [ 12%]
........... [ 12%]
................................ [ 18%]
..................................................................... [ 12%]
........................................................................................................................................................................... [ 18%]
........ [ 18%]
.....................
============================ 1188 passed in 32.88s =============================
